[debug] [2020-01-15T22:44:47.719Z] ----------------------------------------------------------------------
[debug] [2020-01-15T22:44:47.721Z] Command:       C:\Program Files\nodejs\node.exe C:\Users\Konstantin\AppData\Roaming\npm\node_modules\firebase-tools\lib\bin\firebase.js emulators:start
[debug] [2020-01-15T22:44:47.721Z] CLI Version:   7.12.0
[debug] [2020-01-15T22:44:47.721Z] Platform:      win32
[debug] [2020-01-15T22:44:47.721Z] Node Version:  v10.15.3
[debug] [2020-01-15T22:44:47.724Z] Time:          Thu Jan 16 2020 00:44:47 GMT+0200 (GMT+02:00)
[debug] [2020-01-15T22:44:47.724Z] ----------------------------------------------------------------------
[debug] [2020-01-15T22:44:47.724Z] 
[debug] [2020-01-15T22:44:47.732Z] > command requires scopes: ["email","openid","https://www.googleapis.com/auth/cloudplatformprojects.readonly","https://www.googleapis.com/auth/firebase","https://www.googleapis.com/auth/cloud-platform"]
[debug] [2020-01-15T22:44:47.732Z] > authorizing via signed-in user
[info] i  emulators: Starting emulators: functions, hosting
[warn] !  Your requested "node" version "8" doesn't match your global version "10"
[info] +  functions: Emulator started at http://localhost:5001
[debug] [2020-01-15T22:44:50.326Z] >>> HTTP REQUEST GET https://firebase.googleapis.com/v1beta1/projects/react-feedback-form/webApps/-/config  
 
[debug] [2020-01-15T22:44:51.097Z] <<< HTTP RESPONSE 200
[info] i  hosting: Serving hosting files from: build
[info] +  hosting: Local server: http://localhost:5000
[info] +  hosting: Emulator started at http://localhost:5000
[info] i  functions: Watching "D:\DEVS\feedback-form-react\functions" for Cloud Functions...
[debug] [2020-01-15T22:44:51.664Z] [worker-pool] addWorker(~diagnostic~)
[debug] [2020-01-15T22:44:51.664Z] [worker-pool] Adding worker with key ~diagnostic~, total=1
[debug] [2020-01-15T22:44:51.664Z] [worker-pool] submitWork(triggerId=)
[debug] [2020-01-15T22:44:51.664Z] [worker-~diagnostic~-6376dd7a-77b3-447e-960d-00142516284f]: Assigning socketPath: \\?\pipe\D:\DEVS\feedback-form-react\functions\23888
[debug] [2020-01-15T22:44:51.664Z] [worker-~diagnostic~-6376dd7a-77b3-447e-960d-00142516284f]: BUSY
[debug] [2020-01-15T22:44:52.163Z] [runtime-status] [23888] Functions runtime initialized. {"cwd":"D:\\DEVS\\feedback-form-react\\functions","node_version":"10.15.3"}
[debug] [2020-01-15T22:44:52.164Z] [runtime-status] [23888] Disabled runtime features: undefined
[debug] [2020-01-15T22:44:52.178Z] [runtime-status] [23888] Resolved module firebase-admin {"declared":true,"installed":true,"version":"8.9.0","resolution":"D:\\DEVS\\feedback-form-react\\functions\\node_modules\\firebase-admin\\lib\\index.js"}
[debug] [2020-01-15T22:44:52.178Z] [runtime-status] [23888] Resolved module firebase-functions {"declared":true,"installed":true,"version":"3.3.0","resolution":"D:\\DEVS\\feedback-form-react\\functions\\node_modules\\firebase-functions\\lib\\index.js"}
[debug] [2020-01-15T22:44:53.308Z] [runtime-status] [23888] Found google-gax at D:\DEVS\feedback-form-react\functions\node_modules\google-gax\build\src\index.js
[debug] [2020-01-15T22:44:53.309Z] [runtime-status] [23888] Outgoing network have been stubbed. [{"name":"http","status":"mocked"},{"name":"http","status":"mocked"},{"name":"https","status":"mocked"},{"name":"https","status":"mocked"},{"name":"net","status":"mocked"},{"name":"google-gax","status":"mocked"}]
[debug] [2020-01-15T22:44:53.477Z] [runtime-status] [23888] Checked functions.config() {"config":{}}
[debug] [2020-01-15T22:44:53.478Z] [runtime-status] [23888] Resolved module firebase-functions {"declared":true,"installed":true,"version":"3.3.0","resolution":"D:\\DEVS\\feedback-form-react\\functions\\node_modules\\firebase-functions\\lib\\index.js"}
[debug] [2020-01-15T22:44:53.480Z] [runtime-status] [23888] Resolved module firebase-admin {"declared":true,"installed":true,"version":"8.9.0","resolution":"D:\\DEVS\\feedback-form-react\\functions\\node_modules\\firebase-admin\\lib\\index.js"}
[debug] [2020-01-15T22:44:53.481Z] [runtime-status] [23888] Resolved module firebase-functions {"declared":true,"installed":true,"version":"3.3.0","resolution":"D:\\DEVS\\feedback-form-react\\functions\\node_modules\\firebase-functions\\lib\\index.js"}
[debug] [2020-01-15T22:44:53.760Z] [runtime-status] [23888] firebase-admin has been stubbed. {"adminResolution":{"declared":true,"installed":true,"version":"8.9.0","resolution":"D:\\DEVS\\feedback-form-react\\functions\\node_modules\\firebase-admin\\lib\\index.js"}}
[debug] [2020-01-15T22:44:54.474Z] [runtime-status] [23888] config() parent accessed! {"parentKey":"gmail","parentConfig":{}}
[warn] !  Non-existent functions.config() value requested!
   - Path: "gmail.login"
   - Learn more at https://firebase.google.com/docs/functions/local-emulator
[debug] [2020-01-15T22:44:54.475Z] [runtime-status] [23888] config() parent accessed! {"parentKey":"gmail","parentConfig":{}}
[warn] !  Non-existent functions.config() value requested!
   - Path: "gmail.pass"
   - Learn more at https://firebase.google.com/docs/functions/local-emulator
[debug] [2020-01-15T22:44:54.476Z] [runtime-status] [23888] initializeApp(DEFAULT) {"databaseURL":"https://react-feedback-form.firebaseio.com","storageBucket":"react-feedback-form.appspot.com","projectId":"react-feedback-form"}
[info] +  functions[app]: http function initialized (http://localhost:5001/react-feedback-form/us-central1/app).
[info] +  All emulators started, it is now safe to connect.
[debug] [2020-01-15T22:44:54.715Z] [worker-~diagnostic~-6376dd7a-77b3-447e-960d-00142516284f]: IDLE
[debug] [2020-01-15T22:55:52.053Z] ----------------------------------------------------------------------
[debug] [2020-01-15T22:55:52.056Z] Command:       C:\Program Files\nodejs\node.exe C:\Users\Konstantin\AppData\Roaming\npm\node_modules\firebase-tools\lib\bin\firebase.js deploy
[debug] [2020-01-15T22:55:52.056Z] CLI Version:   7.12.0
[debug] [2020-01-15T22:55:52.056Z] Platform:      win32
[debug] [2020-01-15T22:55:52.056Z] Node Version:  v10.15.3
[debug] [2020-01-15T22:55:52.058Z] Time:          Thu Jan 16 2020 00:55:52 GMT+0200 (GMT+02:00)
[debug] [2020-01-15T22:55:52.058Z] ----------------------------------------------------------------------
[debug] [2020-01-15T22:55:52.058Z] 
[debug] [2020-01-15T22:55:52.068Z] > command requires scopes: ["email","openid","https://www.googleapis.com/auth/cloudplatformprojects.readonly","https://www.googleapis.com/auth/firebase","https://www.googleapis.com/auth/cloud-platform"]
[debug] [2020-01-15T22:55:52.068Z] > authorizing via signed-in user
[debug] [2020-01-15T22:55:52.068Z] [iam] checking project react-feedback-form for permissions ["cloudfunctions.functions.create","cloudfunctions.functions.delete","cloudfunctions.functions.get","cloudfunctions.functions.list","cloudfunctions.functions.update","cloudfunctions.operations.get","firebase.projects.get","firebasehosting.sites.update"]
[debug] [2020-01-15T22:55:52.070Z] >>> HTTP REQUEST POST https://cloudresourcemanager.googleapis.com/v1/projects/react-feedback-form:testIamPermissions  

